POST / HTTP/1.1
Host: localhost:8084
Connection: keep-alive
Content-Length: 54769
Accept: application/json, text/plain, */*
User-Agent: Mozilla/5.0 (X11; Linux x86_64) AppleWebKit/537.36 (KHTML, like Gecko) Ubuntu Chromium/81.0.4044.138 Chrome/81.0.4044.138 Safari/537.36
Content-Type: application/x-www-form-urlencoded
Origin: http://localhost:3000
Sec-Fetch-Site: same-site
Sec-Fetch-Mode: cors
Sec-Fetch-Dest: empty
Referer: http://localhost:3000/
Accept-Encoding: gzip, deflate, br
Accept-Language: es-US,es-419;q=0.9,es;q=0.8,en;q=0.7
Received: 556, Header size: 556, Content size: 54769
Saved in: ./cols/2020-05-21-22-08-55
Filtered Image saved in: „5 v¡U
Image moved to: ./cols/2020-05-21-22-08-55

POST / HTTP/1.1
Host: localhost:8084
Connection: keep-alive
Content-Length: 73050
Accept: application/json, text/plain, */*
User-Agent: Mozilla/5.0 (X11; Linux x86_64) AppleWebKit/537.36 (KHTML, like Gecko) Ubuntu Chromium/81.0.4044.138 Chrome/81.0.4044.138 Safari/537.36
Content-Type: text/plain
Origin: http://localhost:3000
Sec-Fetch-Site: same-site
Sec-Fetch-Mode: cors
Sec-Fetch-Dest: empty
Referer: http://localhost:3000/
Accept-Encoding: gzip, deflate, br
Accept-Language: es-US,es-419;q=0.9,es;q=0.8,en;q=0.7
Received: 533, Header size: 533, Content size: 73050
Saved in: ./cols/2020-05-21-22-09-57
Filtered Image saved in: „5 v¡U
Image moved to: ./cols/2020-05-21-22-09-57

